<?xml version="1.0" encoding="UTF-8"?>
<testsuite name="Purchase products at opencart" tests="1" skipped="0" failures="0" errors="0" timestamp="2024-02-07T15:57:20" hostname="RQ186141559" time="52.247">
  <properties/>
  <testcase name="Proceso de compra" classname="Purchase products at opencart" time="52.247"/>
  <system-out><![CDATA[]]></system-out>
  <system-err><![CDATA[Starting Microsoft Edge WebDriver 121.0.2277.106 (3a400d91a814d2e1ecd0889edbdb8c72f39eed8b) on port 45675
To submit feedback, report a bug, or suggest new features, please visit https://github.com/MicrosoftEdge/EdgeWebDriver

Only local connections are allowed.
Please see https://aka.ms/WebDriverSecurity for suggestions on keeping Microsoft Edge WebDriver safe.

Microsoft Edge WebDriver was started successfully.
feb 07, 2024 10:57:37 AM org.openqa.selenium.devtools.CdpVersionFinder findNearestMatch
ADVERTENCIA: Unable to find CDP implementation matching 121
feb 07, 2024 10:57:37 AM org.openqa.selenium.chromium.ChromiumDriver lambda$new$3
ADVERTENCIA: Unable to find version of CDP to use for . You may need to include a dependency on a specific version of the CDP using something similar to `org.seleniumhq.selenium:selenium-devtools-v86:4.8.3` where the version ("v86") matches the version of the chromium-based browser you're using and the version number of the artifact is the same as Selenium's.
]]></system-err>
</testsuite>
